Determining if the pthread_create exist failed with the following output:
Change Dir: /home/thuan12ha/_3Drobot_ws/ProcessPCD/build/CMakeFiles/CMakeTmp

Run Build Command:"/usr/bin/make" "cmTC_eaf7b/fast"
/usr/bin/make -f CMakeFiles/cmTC_eaf7b.dir/build.make CMakeFiles/cmTC_eaf7b.dir/build
make[1]: Entering directory '/home/thuan12ha/_3Drobot_ws/ProcessPCD/build/CMakeFiles/CMakeTmp'
Building C object CMakeFiles/cmTC_eaf7b.dir/CheckSymbolExists.c.o
/usr/bin/cc    -o CMakeFiles/cmTC_eaf7b.dir/CheckSymbolExists.c.o   -c /home/thuan12ha/_3Drobot_ws/ProcessPCD/build/CMakeFiles/CMakeTmp/CheckSymbolExists.c
Linking C executable cmTC_eaf7b
/usr/bin/cmake -E cmake_link_script CMakeFiles/cmTC_eaf7b.dir/link.txt --verbose=1
/usr/bin/cc      -rdynamic CMakeFiles/cmTC_eaf7b.dir/CheckSymbolExists.c.o  -o cmTC_eaf7b 
CMakeFiles/cmTC_eaf7b.dir/CheckSymbolExists.c.o: In function `main':
CheckSymbolExists.c:(.text+0x1b): undefined reference to `pthread_create'
collect2: error: ld returned 1 exit status
CMakeFiles/cmTC_eaf7b.dir/build.make:97: recipe for target 'cmTC_eaf7b' failed
make[1]: *** [cmTC_eaf7b] Error 1
make[1]: Leaving directory '/home/thuan12ha/_3Drobot_ws/ProcessPCD/build/CMakeFiles/CMakeTmp'
Makefile:126: recipe for target 'cmTC_eaf7b/fast' failed
make: *** [cmTC_eaf7b/fast] Error 2

File /home/thuan12ha/_3Drobot_ws/ProcessPCD/build/CMakeFiles/CMakeTmp/CheckSymbolExists.c:
/* */
#include <pthread.h>

int main(int argc, char** argv)
{
  (void)argv;
#ifndef pthread_create
  return ((int*)(&pthread_create))[argc];
#else
  (void)argc;
  return 0;
#endif
}

Determining if the function pthread_create exists in the pthreads failed with the following output:
Change Dir: /home/thuan12ha/_3Drobot_ws/ProcessPCD/build/CMakeFiles/CMakeTmp

Run Build Command:"/usr/bin/make" "cmTC_878fd/fast"
/usr/bin/make -f CMakeFiles/cmTC_878fd.dir/build.make CMakeFiles/cmTC_878fd.dir/build
make[1]: Entering directory '/home/thuan12ha/_3Drobot_ws/ProcessPCD/build/CMakeFiles/CMakeTmp'
Building C object CMakeFiles/cmTC_878fd.dir/CheckFunctionExists.c.o
/usr/bin/cc   -DCHECK_FUNCTION_EXISTS=pthread_create   -o CMakeFiles/cmTC_878fd.dir/CheckFunctionExists.c.o   -c /usr/share/cmake-3.10/Modules/CheckFunctionExists.c
Linking C executable cmTC_878fd
/usr/bin/cmake -E cmake_link_script CMakeFiles/cmTC_878fd.dir/link.txt --verbose=1
/usr/bin/cc  -DCHECK_FUNCTION_EXISTS=pthread_create    -rdynamic CMakeFiles/cmTC_878fd.dir/CheckFunctionExists.c.o  -o cmTC_878fd -lpthreads 
/usr/bin/ld: cannot find -lpthreads
collect2: error: ld returned 1 exit status
CMakeFiles/cmTC_878fd.dir/build.make:97: recipe for target 'cmTC_878fd' failed
make[1]: *** [cmTC_878fd] Error 1
make[1]: Leaving directory '/home/thuan12ha/_3Drobot_ws/ProcessPCD/build/CMakeFiles/CMakeTmp'
Makefile:126: recipe for target 'cmTC_878fd/fast' failed
make: *** [cmTC_878fd/fast] Error 2


